# JRE version: OpenJDK Runtime Environment (16.0.2+7) (build 16.0.2+7-67)
# Java VM: OpenJDK 64-Bit Server VM (16.0.2+7-67, mixed mode, tiered, compressed oops, compressed class ptrs, g1 gc, linux-amd64)
GC Precious Log:
 CPUs: 4 total, 4 available
 Memory: 3761M
 Large Page Support: Disabled
 NUMA Support: Disabled
 Compressed Oops: Enabled (32-bit)
 Heap Region Size: 1M
 Heap Min Capacity: 8M
 Heap Initial Capacity: 60M
 Heap Max Capacity: 942M
 Pre-touch: Disabled
 Parallel Workers: 4
 Concurrent Workers: 1
 Concurrent Refinement Workers: 4
 Periodic GC: Disabled
Heap:
 garbage-first heap   total 24576K, used 7390K [0x00000000c5200000, 0x0000000100000000)
  region size 1024K, 4 young (4096K), 1 survivors (1024K)
 Metaspace       used 21904K, committed 22144K, reserved 1073152K
  class space    used 2133K, committed 2304K, reserved 1048576K
GC Heap History (6 events):
Event: 1,610 GC heap before
{Heap before GC invocations=0 (full 0):
 garbage-first heap   total 61440K, used 13312K [0x00000000c5200000, 0x0000000100000000)
  region size 1024K, 13 young (13312K), 0 survivors (0K)
 Metaspace       used 16477K, committed 16576K, reserved 1064960K
  class space    used 1683K, committed 1728K, reserved 1048576K
}
Event: 1,615 GC heap after
{Heap after GC invocations=1 (full 0):
 garbage-first heap   total 61440K, used 2285K [0x00000000c5200000, 0x0000000100000000)
  region size 1024K, 2 young (2048K), 2 survivors (2048K)
 Metaspace       used 16477K, committed 16576K, reserved 1064960K
  class space    used 1683K, committed 1728K, reserved 1048576K
}
Event: 2,301 GC heap before
{Heap before GC invocations=1 (full 0):
 garbage-first heap   total 61440K, used 17645K [0x00000000c5200000, 0x0000000100000000)
  region size 1024K, 18 young (18432K), 2 survivors (2048K)
 Metaspace       used 20744K, committed 20928K, reserved 1073152K
  class space    used 2055K, committed 2112K, reserved 1048576K
}
Event: 2,311 GC heap after
{Heap after GC invocations=2 (full 0):
 garbage-first heap   total 61440K, used 5188K [0x00000000c5200000, 0x0000000100000000)
  region size 1024K, 3 young (3072K), 3 survivors (3072K)
 Metaspace       used 20744K, committed 20928K, reserved 1073152K
  class space    used 2055K, committed 2112K, reserved 1048576K
}
Event: 32,816 GC heap before
{Heap before GC invocations=2 (full 0):
 garbage-first heap   total 61440K, used 7236K [0x00000000c5200000, 0x0000000100000000)
  region size 1024K, 6 young (6144K), 3 survivors (3072K)
 Metaspace       used 21080K, committed 21248K, reserved 1073152K
  class space    used 2082K, committed 2176K, reserved 1048576K
}
Event: 32,823 GC heap after
{Heap after GC invocations=3 (full 0):
 garbage-first heap   total 61440K, used 5342K [0x00000000c5200000, 0x0000000100000000)
  region size 1024K, 1 young (1024K), 1 survivors (1024K)
 Metaspace       used 21080K, committed 21248K, reserved 1073152K
  class space    used 2082K, committed 2176K, reserved 1048576K
}

